Using pre-set license
Built from '2020.3/release' branch; Version is '2020.3.7f1 (dd97f2c94397) revision 14522354'; Using compiler version '192528614'; Build Type 'Release'
OS: 'Windows 10 Home Single Language; OS build 19045.3570; Version 2009; 64bit' Language: 'en' Physical Memory: 12171 MB
BatchMode: 1, IsHumanControllingUs: 0, StartBugReporterOnCrash: 0, Is64bit: 1, IsPro: 0

 COMMAND LINE ARGUMENTS:
C:\Program Files\Unity\Hub\Editor\2020.3.7f1\Editor\Unity.exe
-adb2
-batchMode
-noUpm
-name
AssetImportWorker0
-projectPath
D:/GitHub/Programming-Theory-Repo/Programming Theory Project
-logFile
Logs/AssetImportWorker0.log
-srvPort
61496
Successfully changed project path to: D:/GitHub/Programming-Theory-Repo/Programming Theory Project
D:/GitHub/Programming-Theory-Repo/Programming Theory Project
Using Asset Import Pipeline V2.
Refreshing native plugins compatible for Editor in 26.77 ms, found 0 plugins.
Preloading 0 native plugins for Editor in 0.00 ms.
Initialize engine version: 2020.3.7f1 (dd97f2c94397)
[Subsystems] Discovering subsystems at path C:/Program Files/Unity/Hub/Editor/2020.3.7f1/Editor/Data/Resources/UnitySubsystems
[Subsystems] Discovering subsystems at path D:/GitHub/Programming-Theory-Repo/Programming Theory Project/Assets
GfxDevice: creating device client; threaded=0
Direct3D:
    Version:  Direct3D 11.0 [level 11.0]
    Renderer: NVIDIA GeForce 840M (ID=0x1341)
    Vendor:   
    VRAM:     2008 MB
    Driver:   31.0.15.4584
Initialize mono
Mono path[0] = 'C:/Program Files/Unity/Hub/Editor/2020.3.7f1/Editor/Data/Managed'
Mono path[1] = 'C:/Program Files/Unity/Hub/Editor/2020.3.7f1/Editor/Data/MonoBleedingEdge/lib/mono/unityjit'
Mono config path = 'C:/Program Files/Unity/Hub/Editor/2020.3.7f1/Editor/Data/MonoBleedingEdge/etc'
Using monoOptions --debugger-agent=transport=dt_socket,embedding=1,server=y,suspend=n,address=127.0.0.1:56492
Begin MonoManager ReloadAssembly
Registering precompiled unity dll's ...
Register platform support module: C:/Program Files/Unity/Hub/Editor/2020.3.7f1/Editor/Data/PlaybackEngines/WebGLSupport/UnityEditor.WebGL.Extensions.dll
Register platform support module: C:/Program Files/Unity/Hub/Editor/2020.3.7f1/Editor/Data/PlaybackEngines/WindowsStandaloneSupport/UnityEditor.WindowsStandalone.Extensions.dll
Registered in 0.002432 seconds.
Native extension for WindowsStandalone target not found
Native extension for WebGL target not found
Refreshing native plugins compatible for Editor in 25.82 ms, found 0 plugins.
Preloading 0 native plugins for Editor in 0.00 ms.
Mono: successfully reloaded assembly
- Completed reload, in  1.645 seconds
Platform modules already initialized, skipping
Registering precompiled user dll's ...
Registered in 0.000785 seconds.
Begin MonoManager ReloadAssembly
Native extension for WindowsStandalone target not found
Native extension for WebGL target not found
Refreshing native plugins compatible for Editor in 0.24 ms, found 0 plugins.
Preloading 0 native plugins for Editor in 0.00 ms.
Mono: successfully reloaded assembly
- Completed reload, in  1.093 seconds
Platform modules already initialized, skipping
========================================================================
Worker process is ready to serve import requests
Launched and connected shader compiler UnityShaderCompiler.exe after 0.06 seconds
Refreshing native plugins compatible for Editor in 0.24 ms, found 0 plugins.
Preloading 0 native plugins for Editor in 0.00 ms.
Unloading 1115 Unused Serialized files (Serialized files now loaded: 0)
System memory in use before: 57.2 MB.
System memory in use after: 57.2 MB.

Unloading 10 unused Assets to reduce memory usage. Loaded Objects now: 1557.
Total: 2.610200 ms (FindLiveObjects: 0.361800 ms CreateObjectMapping: 0.308000 ms MarkObjects: 1.817900 ms  DeleteObjects: 0.120900 ms)

========================================================================
Received Import Request.
  path: Assets/Scenes/Main.unity
  artifactKey: Guid(9fc0d4010bbf28b4594072e72b8655ab) Importer(815301076,1909f56bfc062723c751e8b465ee728b)
Start importing Assets/Scenes/Main.unity using Guid(9fc0d4010bbf28b4594072e72b8655ab) Importer(815301076,1909f56bfc062723c751e8b465ee728b)  -> (artifact id: '18196bc1bcfbc2bfbde86765e62f4abf') in 0.019648 seconds
  Import took 0.023490 seconds .

========================================================================
Received Prepare
Registering precompiled user dll's ...
Registered in 0.000930 seconds.
Begin MonoManager ReloadAssembly
Native extension for WindowsStandalone target not found
Native extension for WebGL target not found
Refreshing native plugins compatible for Editor in 0.30 ms, found 0 plugins.
Preloading 0 native plugins for Editor in 0.00 ms.
Mono: successfully reloaded assembly
- Completed reload, in  1.049 seconds
Platform modules already initialized, skipping
Refreshing native plugins compatible for Editor in 0.27 ms, found 0 plugins.
Preloading 0 native plugins for Editor in 0.00 ms.
Unloading 1123 Unused Serialized files (Serialized files now loaded: 0)
System memory in use before: 59.1 MB.
System memory in use after: 58.5 MB.

Unloading 18 unused Assets to reduce memory usage. Loaded Objects now: 1560.
Total: 2.519300 ms (FindLiveObjects: 0.139100 ms CreateObjectMapping: 0.042100 ms MarkObjects: 1.927400 ms  DeleteObjects: 0.408500 ms)

========================================================================
Received Prepare
Registering precompiled user dll's ...
Registered in 0.000668 seconds.
Begin MonoManager ReloadAssembly
Native extension for WindowsStandalone target not found
Native extension for WebGL target not found
Refreshing native plugins compatible for Editor in 0.25 ms, found 0 plugins.
Preloading 0 native plugins for Editor in 0.00 ms.
Mono: successfully reloaded assembly
- Completed reload, in  1.015 seconds
Platform modules already initialized, skipping
Refreshing native plugins compatible for Editor in 0.26 ms, found 0 plugins.
Preloading 0 native plugins for Editor in 0.00 ms.
Unloading 1123 Unused Serialized files (Serialized files now loaded: 0)
System memory in use before: 59.1 MB.
System memory in use after: 58.5 MB.

Unloading 18 unused Assets to reduce memory usage. Loaded Objects now: 1563.
Total: 3.729600 ms (FindLiveObjects: 0.298600 ms CreateObjectMapping: 0.143000 ms MarkObjects: 2.797900 ms  DeleteObjects: 0.487200 ms)

========================================================================
Received Prepare
Registering precompiled user dll's ...
Registered in 0.000638 seconds.
Begin MonoManager ReloadAssembly
Native extension for WindowsStandalone target not found
Native extension for WebGL target not found
Refreshing native plugins compatible for Editor in 0.33 ms, found 0 plugins.
Preloading 0 native plugins for Editor in 0.00 ms.
Mono: successfully reloaded assembly
- Completed reload, in  0.982 seconds
Platform modules already initialized, skipping
Refreshing native plugins compatible for Editor in 0.27 ms, found 0 plugins.
Preloading 0 native plugins for Editor in 0.00 ms.
Unloading 1123 Unused Serialized files (Serialized files now loaded: 0)
System memory in use before: 59.1 MB.
System memory in use after: 58.5 MB.

Unloading 18 unused Assets to reduce memory usage. Loaded Objects now: 1566.
Total: 2.382100 ms (FindLiveObjects: 0.187400 ms CreateObjectMapping: 0.052500 ms MarkObjects: 1.736900 ms  DeleteObjects: 0.403000 ms)

========================================================================
Received Import Request.
  Time since last request: 781.931629 seconds.
  path: Assets/Materials
  artifactKey: Guid(9a70328d49e7e6b4090d782ed5296275) Importer(815301076,1909f56bfc062723c751e8b465ee728b)
Start importing Assets/Materials using Guid(9a70328d49e7e6b4090d782ed5296275) Importer(815301076,1909f56bfc062723c751e8b465ee728b)  -> (artifact id: 'b56552bed96b19a73d1f5997abbe3a6f') in 0.008786 seconds
  Import took 0.011931 seconds .

========================================================================
Received Import Request.
  Time since last request: 10.762508 seconds.
  path: Assets/Materials/Red.mat
  artifactKey: Guid(386d7864b6e88c045b2ee2d2ad6597f5) Importer(815301076,1909f56bfc062723c751e8b465ee728b)
Start importing Assets/Materials/Red.mat using Guid(386d7864b6e88c045b2ee2d2ad6597f5) Importer(815301076,1909f56bfc062723c751e8b465ee728b)  -> (artifact id: '1f9925a69516ceb11b0346dfb6c9d7f1') in 0.305306 seconds
  Import took 0.309619 seconds .

========================================================================
Received Import Request.
  Time since last request: 9.835000 seconds.
  path: Assets/Materials/Green.mat
  artifactKey: Guid(25b2662c470259440b2d08f95608d860) Importer(815301076,1909f56bfc062723c751e8b465ee728b)
Start importing Assets/Materials/Green.mat using Guid(25b2662c470259440b2d08f95608d860) Importer(815301076,1909f56bfc062723c751e8b465ee728b)  -> (artifact id: 'e1e718531b37580be34b4b4008feef44') in 0.014915 seconds
  Import took 0.018311 seconds .

========================================================================
Received Import Request.
  Time since last request: 6.345395 seconds.
  path: Assets/Materials/Blue.mat
  artifactKey: Guid(92d3b0c7db4f9e6498cae99cb2e71934) Importer(815301076,1909f56bfc062723c751e8b465ee728b)
Start importing Assets/Materials/Blue.mat using Guid(92d3b0c7db4f9e6498cae99cb2e71934) Importer(815301076,1909f56bfc062723c751e8b465ee728b)  -> (artifact id: '82d9d23594a9a1c2dd869f63832302d9') in 0.013365 seconds
  Import took 0.017531 seconds .

========================================================================
Received Import Request.
  Time since last request: 10.324752 seconds.
  path: Assets/Materials/Yellow.mat
  artifactKey: Guid(541bc86b62262524795700c51cfcd451) Importer(815301076,1909f56bfc062723c751e8b465ee728b)
Start importing Assets/Materials/Yellow.mat using Guid(541bc86b62262524795700c51cfcd451) Importer(815301076,1909f56bfc062723c751e8b465ee728b)  -> (artifact id: 'd6e502216d5eea65878504d529b84f0f') in 0.014528 seconds
  Import took 0.017830 seconds .

========================================================================
Received Import Request.
  Time since last request: 92.182980 seconds.
  path: Assets/Materials/Blue.mat
  artifactKey: Guid(92d3b0c7db4f9e6498cae99cb2e71934) Importer(815301076,1909f56bfc062723c751e8b465ee728b)
Start importing Assets/Materials/Blue.mat using Guid(92d3b0c7db4f9e6498cae99cb2e71934) Importer(815301076,1909f56bfc062723c751e8b465ee728b)  -> (artifact id: '7d64136083b80a84128338955278468d') in 0.017603 seconds
  Import took 0.020643 seconds .

========================================================================
Received Import Request.
  Time since last request: 0.000302 seconds.
  path: Assets/Materials/Yellow.mat
  artifactKey: Guid(541bc86b62262524795700c51cfcd451) Importer(815301076,1909f56bfc062723c751e8b465ee728b)
Start importing Assets/Materials/Yellow.mat using Guid(541bc86b62262524795700c51cfcd451) Importer(815301076,1909f56bfc062723c751e8b465ee728b)  -> (artifact id: '3c283986bdd8df61d4952876eb3c77b2') in 0.015551 seconds
  Import took 0.020233 seconds .

========================================================================
Received Import Request.
  Time since last request: 0.000317 seconds.
  path: Assets/Materials/Red.mat
  artifactKey: Guid(386d7864b6e88c045b2ee2d2ad6597f5) Importer(815301076,1909f56bfc062723c751e8b465ee728b)
Start importing Assets/Materials/Red.mat using Guid(386d7864b6e88c045b2ee2d2ad6597f5) Importer(815301076,1909f56bfc062723c751e8b465ee728b)  -> (artifact id: '3d1bd760f6834cc849dc0891f4057d49') in 0.014439 seconds
  Import took 0.018766 seconds .

========================================================================
Received Import Request.
  Time since last request: 0.000431 seconds.
  path: Assets/Materials/Green.mat
  artifactKey: Guid(25b2662c470259440b2d08f95608d860) Importer(815301076,1909f56bfc062723c751e8b465ee728b)
Start importing Assets/Materials/Green.mat using Guid(25b2662c470259440b2d08f95608d860) Importer(815301076,1909f56bfc062723c751e8b465ee728b)  -> (artifact id: '71b3d5e6f042c8c133add60429a1fbb0') in 0.031223 seconds
  Import took 0.034780 seconds .

========================================================================
Received Import Request.
  Time since last request: 17.637909 seconds.
  path: Assets/Materials/Grey.mat
  artifactKey: Guid(e9d42121ffe8ac0469caec7b0849a3b2) Importer(815301076,1909f56bfc062723c751e8b465ee728b)
Start importing Assets/Materials/Grey.mat using Guid(e9d42121ffe8ac0469caec7b0849a3b2) Importer(815301076,1909f56bfc062723c751e8b465ee728b)  -> (artifact id: '7d7d8489dd8ef3acd17170ea0d648d4f') in 0.014544 seconds
  Import took 0.018146 seconds .

========================================================================
Received Import Request.
  Time since last request: 10.265501 seconds.
  path: Assets/Materials/Grey.mat
  artifactKey: Guid(e9d42121ffe8ac0469caec7b0849a3b2) Importer(815301076,1909f56bfc062723c751e8b465ee728b)
Start importing Assets/Materials/Grey.mat using Guid(e9d42121ffe8ac0469caec7b0849a3b2) Importer(815301076,1909f56bfc062723c751e8b465ee728b)  -> (artifact id: '6827b5acb3adcdec5bdd1d08bb68da37') in 0.016873 seconds
  Import took 0.020104 seconds .

========================================================================
Received Prepare
Registering precompiled user dll's ...
Registered in 0.000786 seconds.
Begin MonoManager ReloadAssembly
Native extension for WindowsStandalone target not found
Native extension for WebGL target not found
Refreshing native plugins compatible for Editor in 0.43 ms, found 0 plugins.
Preloading 0 native plugins for Editor in 0.00 ms.
Mono: successfully reloaded assembly
- Completed reload, in  1.102 seconds
Platform modules already initialized, skipping
Refreshing native plugins compatible for Editor in 0.41 ms, found 0 plugins.
Preloading 0 native plugins for Editor in 0.00 ms.
Unloading 1123 Unused Serialized files (Serialized files now loaded: 0)
System memory in use before: 62.5 MB.
System memory in use after: 61.9 MB.

Unloading 18 unused Assets to reduce memory usage. Loaded Objects now: 1609.
Total: 3.130300 ms (FindLiveObjects: 0.209500 ms CreateObjectMapping: 0.097500 ms MarkObjects: 2.371800 ms  DeleteObjects: 0.449000 ms)

========================================================================
Received Prepare
Registering precompiled user dll's ...
Registered in 0.000647 seconds.
Begin MonoManager ReloadAssembly
Native extension for WindowsStandalone target not found
Native extension for WebGL target not found
Refreshing native plugins compatible for Editor in 0.27 ms, found 0 plugins.
Preloading 0 native plugins for Editor in 0.00 ms.
Mono: successfully reloaded assembly
- Completed reload, in  0.966 seconds
Platform modules already initialized, skipping
Refreshing native plugins compatible for Editor in 0.25 ms, found 0 plugins.
Preloading 0 native plugins for Editor in 0.00 ms.
Unloading 1123 Unused Serialized files (Serialized files now loaded: 0)
System memory in use before: 62.5 MB.
System memory in use after: 61.9 MB.

Unloading 18 unused Assets to reduce memory usage. Loaded Objects now: 1612.
Total: 2.213200 ms (FindLiveObjects: 0.164400 ms CreateObjectMapping: 0.044400 ms MarkObjects: 1.579400 ms  DeleteObjects: 0.423500 ms)

========================================================================
Received Prepare
Registering precompiled user dll's ...
Registered in 0.000641 seconds.
Begin MonoManager ReloadAssembly
Native extension for WindowsStandalone target not found
Native extension for WebGL target not found
Refreshing native plugins compatible for Editor in 0.25 ms, found 0 plugins.
Preloading 0 native plugins for Editor in 0.00 ms.
Mono: successfully reloaded assembly
- Completed reload, in  1.051 seconds
Platform modules already initialized, skipping
Refreshing native plugins compatible for Editor in 0.27 ms, found 0 plugins.
Preloading 0 native plugins for Editor in 0.00 ms.
Unloading 1123 Unused Serialized files (Serialized files now loaded: 0)
System memory in use before: 62.5 MB.
System memory in use after: 61.9 MB.

Unloading 18 unused Assets to reduce memory usage. Loaded Objects now: 1615.
Total: 2.400300 ms (FindLiveObjects: 0.194900 ms CreateObjectMapping: 0.047800 ms MarkObjects: 1.710500 ms  DeleteObjects: 0.445500 ms)

========================================================================
Received Prepare
Registering precompiled user dll's ...
Registered in 0.000876 seconds.
Begin MonoManager ReloadAssembly
Native extension for WindowsStandalone target not found
Native extension for WebGL target not found
Refreshing native plugins compatible for Editor in 0.24 ms, found 0 plugins.
Preloading 0 native plugins for Editor in 0.00 ms.
Mono: successfully reloaded assembly
- Completed reload, in  1.005 seconds
Platform modules already initialized, skipping
Refreshing native plugins compatible for Editor in 0.33 ms, found 0 plugins.
Preloading 0 native plugins for Editor in 0.00 ms.
Unloading 1123 Unused Serialized files (Serialized files now loaded: 0)
System memory in use before: 62.5 MB.
System memory in use after: 61.9 MB.

Unloading 18 unused Assets to reduce memory usage. Loaded Objects now: 1618.
Total: 2.429600 ms (FindLiveObjects: 0.162100 ms CreateObjectMapping: 0.047300 ms MarkObjects: 1.768000 ms  DeleteObjects: 0.450500 ms)

========================================================================
Received Prepare
Registering precompiled user dll's ...
Registered in 0.000673 seconds.
Begin MonoManager ReloadAssembly
Native extension for WindowsStandalone target not found
Native extension for WebGL target not found
Refreshing native plugins compatible for Editor in 0.26 ms, found 0 plugins.
Preloading 0 native plugins for Editor in 0.00 ms.
Mono: successfully reloaded assembly
- Completed reload, in  0.966 seconds
Platform modules already initialized, skipping
Refreshing native plugins compatible for Editor in 0.26 ms, found 0 plugins.
Preloading 0 native plugins for Editor in 0.00 ms.
Unloading 1123 Unused Serialized files (Serialized files now loaded: 0)
System memory in use before: 62.5 MB.
System memory in use after: 61.9 MB.

Unloading 18 unused Assets to reduce memory usage. Loaded Objects now: 1621.
Total: 2.649900 ms (FindLiveObjects: 0.242100 ms CreateObjectMapping: 0.067100 ms MarkObjects: 1.913800 ms  DeleteObjects: 0.424400 ms)

========================================================================
Received Import Request.
  Time since last request: 1598.682008 seconds.
  path: Assets/TextMesh Pro/Resources/Fonts & Materials/LiberationSans SDF - Drop Shadow.mat
  artifactKey: Guid(e73a58f6e2794ae7b1b7e50b7fb811b0) Importer(815301076,1909f56bfc062723c751e8b465ee728b)
Start importing Assets/TextMesh Pro/Resources/Fonts & Materials/LiberationSans SDF - Drop Shadow.mat using Guid(e73a58f6e2794ae7b1b7e50b7fb811b0) Importer(815301076,1909f56bfc062723c751e8b465ee728b)  -> (artifact id: 'c65dce71a342af370dc3c29fc2f166ac') in 0.707208 seconds
  Import took 0.710297 seconds .

========================================================================
Received Import Request.
  Time since last request: 0.012772 seconds.
  path: Assets/TextMesh Pro/Documentation
  artifactKey: Guid(8e7e8f5a82a3a134e91c54efd2274ea9) Importer(815301076,1909f56bfc062723c751e8b465ee728b)
Start importing Assets/TextMesh Pro/Documentation using Guid(8e7e8f5a82a3a134e91c54efd2274ea9) Importer(815301076,1909f56bfc062723c751e8b465ee728b)  -> (artifact id: 'f2adce1cbc01bf30f4e376e0fa11234f') in 0.001445 seconds
  Import took 0.003705 seconds .

========================================================================
Received Import Request.
  Time since last request: 0.012291 seconds.
  path: Assets/TextMesh Pro/Shaders/TMPro.cginc
  artifactKey: Guid(407bc68d299748449bbf7f48ee690f8d) Importer(815301076,1909f56bfc062723c751e8b465ee728b)
Start importing Assets/TextMesh Pro/Shaders/TMPro.cginc using Guid(407bc68d299748449bbf7f48ee690f8d) Importer(815301076,1909f56bfc062723c751e8b465ee728b)  -> (artifact id: '7779aa792df7ddc18f5f007c008b4e0f') in 0.024494 seconds
  Import took 0.026843 seconds .

========================================================================
Received Import Request.
  Time since last request: 0.027816 seconds.
  path: Assets/TextMesh Pro/Shaders/TMP_SDF SSD.shader
  artifactKey: Guid(14eb328de4b8eb245bb7cea29e4ac00b) Importer(815301076,1909f56bfc062723c751e8b465ee728b)
Start importing Assets/TextMesh Pro/Shaders/TMP_SDF SSD.shader using Guid(14eb328de4b8eb245bb7cea29e4ac00b) Importer(815301076,1909f56bfc062723c751e8b465ee728b)  -> (artifact id: '6d9d29805041648378d1d44a0f984a96') in 0.004322 seconds
  Import took 0.007006 seconds .

========================================================================
Received Import Request.
  Time since last request: 0.003000 seconds.
  path: Assets/TextMesh Pro/Shaders/TMP_SDF.shader
  artifactKey: Guid(68e6db2ebdc24f95958faec2be5558d6) Importer(815301076,1909f56bfc062723c751e8b465ee728b)
Start importing Assets/TextMesh Pro/Shaders/TMP_SDF.shader using Guid(68e6db2ebdc24f95958faec2be5558d6) Importer(815301076,1909f56bfc062723c751e8b465ee728b)  -> (artifact id: 'e6c15bdf2237341a91eba279c9868944') in 0.002756 seconds
  Import took 0.005096 seconds .

========================================================================
Received Import Request.
  Time since last request: 0.003243 seconds.
  path: Assets/TextMesh Pro/Shaders/TMPro_Surface.cginc
  artifactKey: Guid(d930090c0cd643c7b55f19a38538c162) Importer(815301076,1909f56bfc062723c751e8b465ee728b)
Start importing Assets/TextMesh Pro/Shaders/TMPro_Surface.cginc using Guid(d930090c0cd643c7b55f19a38538c162) Importer(815301076,1909f56bfc062723c751e8b465ee728b)  -> (artifact id: 'baa3b3c3a09395aa4d3167ce544dc23e') in 0.001905 seconds
  Import took 0.004214 seconds .

========================================================================
Received Import Request.
  Time since last request: 0.037897 seconds.
  path: Assets/TextMesh Pro/Fonts/LiberationSans - OFL.txt
  artifactKey: Guid(6e59c59b81ab47f9b6ec5781fa725d2c) Importer(815301076,1909f56bfc062723c751e8b465ee728b)
Start importing Assets/TextMesh Pro/Fonts/LiberationSans - OFL.txt using Guid(6e59c59b81ab47f9b6ec5781fa725d2c) Importer(815301076,1909f56bfc062723c751e8b465ee728b)  -> (artifact id: '4c4157692315a4b2f3978cb7770e001a') in 0.040738 seconds
  Import took 0.043215 seconds .

========================================================================
Received Import Request.
  Time since last request: 0.002151 seconds.
  path: Assets/TextMesh Pro/Resources/Style Sheets
  artifactKey: Guid(4aecb92fff08436c8303b10eab8da368) Importer(815301076,1909f56bfc062723c751e8b465ee728b)
Start importing Assets/TextMesh Pro/Resources/Style Sheets using Guid(4aecb92fff08436c8303b10eab8da368) Importer(815301076,1909f56bfc062723c751e8b465ee728b)  -> (artifact id: '7d51b7e3bd3794f1c788de13c114d41d') in 0.001488 seconds
  Import took 0.003947 seconds .

========================================================================
Received Import Request.
  Time since last request: 0.002204 seconds.
  path: Assets/TextMesh Pro/Shaders
  artifactKey: Guid(e9f693669af91aa45ad615fc681ed29f) Importer(815301076,1909f56bfc062723c751e8b465ee728b)
Start importing Assets/TextMesh Pro/Shaders using Guid(e9f693669af91aa45ad615fc681ed29f) Importer(815301076,1909f56bfc062723c751e8b465ee728b)  -> (artifact id: 'a8970b9ccd14cacfd78e8d7b035f493f') in 0.001226 seconds
  Import took 0.003397 seconds .

========================================================================
Received Import Request.
  Time since last request: 0.002147 seconds.
  path: Assets/Scenes
  artifactKey: Guid(6a264a24509d87b4581f82bc0a26b0cf) Importer(815301076,1909f56bfc062723c751e8b465ee728b)
Start importing Assets/Scenes using Guid(6a264a24509d87b4581f82bc0a26b0cf) Importer(815301076,1909f56bfc062723c751e8b465ee728b)  -> (artifact id: '1dd8c305386f6a86bebf009a285e9e48') in 0.001218 seconds
  Import took 0.003347 seconds .

========================================================================
Received Import Request.
  Time since last request: 0.002756 seconds.
  path: Assets/TextMesh Pro/Resources/Sprite Assets/EmojiOne.asset
  artifactKey: Guid(c41005c129ba4d66911b75229fd70b45) Importer(815301076,1909f56bfc062723c751e8b465ee728b)
Start importing Assets/TextMesh Pro/Resources/Sprite Assets/EmojiOne.asset using Guid(c41005c129ba4d66911b75229fd70b45) Importer(815301076,1909f56bfc062723c751e8b465ee728b)  -> (artifact id: '2147ebf232180f0f0c6ba2526f00e1ac') in 0.025261 seconds
  Import took 0.027817 seconds .

========================================================================
Received Import Request.
  Time since last request: 0.011072 seconds.
  path: Assets/TextMesh Pro/Shaders/TMP_SDF-Mobile Masking.shader
  artifactKey: Guid(bc1ede39bf3643ee8e493720e4259791) Importer(815301076,1909f56bfc062723c751e8b465ee728b)
Start importing Assets/TextMesh Pro/Shaders/TMP_SDF-Mobile Masking.shader using Guid(bc1ede39bf3643ee8e493720e4259791) Importer(815301076,1909f56bfc062723c751e8b465ee728b)  -> (artifact id: '2452a2824a4bd252d5b585cb482f1953') in 0.002221 seconds
  Import took 0.004594 seconds .

========================================================================
Received Import Request.
  Time since last request: 0.002661 seconds.
  path: Assets/Scenes/Main.unity
  artifactKey: Guid(9fc0d4010bbf28b4594072e72b8655ab) Importer(815301076,1909f56bfc062723c751e8b465ee728b)
Start importing Assets/Scenes/Main.unity using Guid(9fc0d4010bbf28b4594072e72b8655ab) Importer(815301076,1909f56bfc062723c751e8b465ee728b)  -> (artifact id: 'e7f32731e7d1bac17a8318f6fb397d41') in 0.001919 seconds
  Import took 0.004187 seconds .

========================================================================
Received Import Request.
  Time since last request: 0.011931 seconds.
  path: Assets/TextMesh Pro/Shaders/TMP_SDF-Mobile.shader
  artifactKey: Guid(fe393ace9b354375a9cb14cdbbc28be4) Importer(815301076,1909f56bfc062723c751e8b465ee728b)
Start importing Assets/TextMesh Pro/Shaders/TMP_SDF-Mobile.shader using Guid(fe393ace9b354375a9cb14cdbbc28be4) Importer(815301076,1909f56bfc062723c751e8b465ee728b)  -> (artifact id: '374fb56e66abd25f5f0ef9b66a097882') in 0.016758 seconds
  Import took 0.019858 seconds .

========================================================================
Received Import Request.
  Time since last request: 0.023751 seconds.
  path: Assets/TextMesh Pro/Shaders/TMPro_Mobile.cginc
  artifactKey: Guid(c334973cef89a9840b0b0c507e0377ab) Importer(815301076,1909f56bfc062723c751e8b465ee728b)
Start importing Assets/TextMesh Pro/Shaders/TMPro_Mobile.cginc using Guid(c334973cef89a9840b0b0c507e0377ab) Importer(815301076,1909f56bfc062723c751e8b465ee728b)  -> (artifact id: 'df212733e76e9366340b6bedbef0440a') in 0.001658 seconds
  Import took 0.003978 seconds .

========================================================================
Received Import Request.
  Time since last request: 0.010269 seconds.
  path: Assets/TextMesh Pro/Shaders/TMP_Sprite.shader
  artifactKey: Guid(cf81c85f95fe47e1a27f6ae460cf182c) Importer(815301076,1909f56bfc062723c751e8b465ee728b)
Start importing Assets/TextMesh Pro/Shaders/TMP_Sprite.shader using Guid(cf81c85f95fe47e1a27f6ae460cf182c) Importer(815301076,1909f56bfc062723c751e8b465ee728b)  -> (artifact id: '87cb7caf5c623f4cd90745ba326554df') in 0.002024 seconds
  Import took 0.004273 seconds .

========================================================================
Received Import Request.
  Time since last request: 0.002903 seconds.
  path: Assets/TextMesh Pro/Resources/Fonts & Materials/LiberationSans SDF - Fallback.asset
  artifactKey: Guid(2e498d1c8094910479dc3e1b768306a4) Importer(815301076,1909f56bfc062723c751e8b465ee728b)
Start importing Assets/TextMesh Pro/Resources/Fonts & Materials/LiberationSans SDF - Fallback.asset using Guid(2e498d1c8094910479dc3e1b768306a4) Importer(815301076,1909f56bfc062723c751e8b465ee728b)  -> (artifact id: '3b614a4d5c4466b29e2ef0d1044c6660') in 0.119273 seconds
  Import took 0.121855 seconds .

========================================================================
Received Import Request.
  Time since last request: 0.022680 seconds.
  path: Assets/TextMesh Pro/Sprites/EmojiOne Attribution.txt
  artifactKey: Guid(381dcb09d5029d14897e55f98031fca5) Importer(815301076,1909f56bfc062723c751e8b465ee728b)
Start importing Assets/TextMesh Pro/Sprites/EmojiOne Attribution.txt using Guid(381dcb09d5029d14897e55f98031fca5) Importer(815301076,1909f56bfc062723c751e8b465ee728b)  -> (artifact id: '50a90fb8bda8b1c18fdba0080265fe35') in 0.001992 seconds
  Import took 0.004338 seconds .

========================================================================
Received Import Request.
  Time since last request: 0.037913 seconds.
  path: Assets/TextMesh Pro/Shaders/TMP_Bitmap.shader
  artifactKey: Guid(128e987d567d4e2c824d754223b3f3b0) Importer(815301076,1909f56bfc062723c751e8b465ee728b)
Start importing Assets/TextMesh Pro/Shaders/TMP_Bitmap.shader using Guid(128e987d567d4e2c824d754223b3f3b0) Importer(815301076,1909f56bfc062723c751e8b465ee728b)  -> (artifact id: '38464559716cfab8a5bd2ad3fdea8e0f') in 0.002105 seconds
  Import took 0.004490 seconds .

========================================================================
Received Import Request.
  Time since last request: 0.002720 seconds.
  path: Assets/TextMesh Pro/Resources/Fonts & Materials/LiberationSans SDF - Outline.mat
  artifactKey: Guid(79459efec17a4d00a321bdcc27bbc385) Importer(815301076,1909f56bfc062723c751e8b465ee728b)
Start importing Assets/TextMesh Pro/Resources/Fonts & Materials/LiberationSans SDF - Outline.mat using Guid(79459efec17a4d00a321bdcc27bbc385) Importer(815301076,1909f56bfc062723c751e8b465ee728b)  -> (artifact id: '0cbce4052f24bb1e0093bce8591baa2e') in 0.082130 seconds
  Import took 0.084637 seconds .

========================================================================
Received Import Request.
  Time since last request: 0.006610 seconds.
  path: Assets/TextMesh Pro/Shaders/TMP_SDF-Mobile SSD.shader
  artifactKey: Guid(c8d12adcee749c344b8117cf7c7eb912) Importer(815301076,1909f56bfc062723c751e8b465ee728b)
Start importing Assets/TextMesh Pro/Shaders/TMP_SDF-Mobile SSD.shader using Guid(c8d12adcee749c344b8117cf7c7eb912) Importer(815301076,1909f56bfc062723c751e8b465ee728b)  -> (artifact id: '9cacd498e59db428836183da350002e0') in 0.002428 seconds
  Import took 0.004916 seconds .

========================================================================
Received Import Request.
  Time since last request: 0.002196 seconds.
  path: Assets/TextMesh Pro/Resources/Sprite Assets
  artifactKey: Guid(512a49d95c0c4332bdd98131869c23c9) Importer(815301076,1909f56bfc062723c751e8b465ee728b)
Start importing Assets/TextMesh Pro/Resources/Sprite Assets using Guid(512a49d95c0c4332bdd98131869c23c9) Importer(815301076,1909f56bfc062723c751e8b465ee728b)  -> (artifact id: '820ca226148736e59e59551df01ac4ef') in 0.001643 seconds
  Import took 0.003963 seconds .

========================================================================
Received Import Request.
  Time since last request: 0.026687 seconds.
  path: Assets/TextMesh Pro/Shaders/TMP_SDF-Surface.shader
  artifactKey: Guid(f7ada0af4f174f0694ca6a487b8f543d) Importer(815301076,1909f56bfc062723c751e8b465ee728b)
Start importing Assets/TextMesh Pro/Shaders/TMP_SDF-Surface.shader using Guid(f7ada0af4f174f0694ca6a487b8f543d) Importer(815301076,1909f56bfc062723c751e8b465ee728b)  -> (artifact id: 'ff096f997fa52b7676634fd1b9f92a7d') in 0.002830 seconds
  Import took 0.005294 seconds .

========================================================================
Received Import Request.
  Time since last request: 0.002854 seconds.
  path: Assets/TextMesh Pro/Resources/LineBreaking Following Characters.txt
  artifactKey: Guid(fade42e8bc714b018fac513c043d323b) Importer(815301076,1909f56bfc062723c751e8b465ee728b)
Start importing Assets/TextMesh Pro/Resources/LineBreaking Following Characters.txt using Guid(fade42e8bc714b018fac513c043d323b) Importer(815301076,1909f56bfc062723c751e8b465ee728b)  -> (artifact id: '21d002a0ec4ace626d745f54870770f5') in 0.001927 seconds
  Import took 0.004169 seconds .

========================================================================
Received Import Request.
  Time since last request: 0.002564 seconds.
  path: Assets/TextMesh Pro/Fonts
  artifactKey: Guid(6ab70aee4d56447429c680537fbf93ed) Importer(815301076,1909f56bfc062723c751e8b465ee728b)
Start importing Assets/TextMesh Pro/Fonts using Guid(6ab70aee4d56447429c680537fbf93ed) Importer(815301076,1909f56bfc062723c751e8b465ee728b)  -> (artifact id: '36ff2ff48542319222d5a93868bf2e45') in 0.001523 seconds
  Import took 0.003753 seconds .

========================================================================
Received Import Request.
  Time since last request: 0.003053 seconds.
  path: Assets/TextMesh Pro/Shaders/TMP_SDF Overlay.shader
  artifactKey: Guid(dd89cf5b9246416f84610a006f916af7) Importer(815301076,1909f56bfc062723c751e8b465ee728b)
Start importing Assets/TextMesh Pro/Shaders/TMP_SDF Overlay.shader using Guid(dd89cf5b9246416f84610a006f916af7) Importer(815301076,1909f56bfc062723c751e8b465ee728b)  -> (artifact id: '3dad319fff83f481f056ce886109aef5') in 0.002959 seconds
  Import took 0.005308 seconds .

========================================================================
Received Import Request.
  Time since last request: 0.036248 seconds.
  path: Assets/TextMesh Pro/Sprites/EmojiOne.json
  artifactKey: Guid(8f05276190cf498a8153f6cbe761d4e6) Importer(815301076,1909f56bfc062723c751e8b465ee728b)
Start importing Assets/TextMesh Pro/Sprites/EmojiOne.json using Guid(8f05276190cf498a8153f6cbe761d4e6) Importer(815301076,1909f56bfc062723c751e8b465ee728b)  -> (artifact id: 'e676e48fd5e3288f36be7ab7d389b4b8') in 0.282624 seconds
  Import took 0.285873 seconds .

========================================================================
Received Import Request.
  Time since last request: 0.042001 seconds.
  path: Assets/TextMesh Pro/Resources/Fonts & Materials
  artifactKey: Guid(731f1baa9d144a9897cb1d341c2092b8) Importer(815301076,1909f56bfc062723c751e8b465ee728b)
Start importing Assets/TextMesh Pro/Resources/Fonts & Materials using Guid(731f1baa9d144a9897cb1d341c2092b8) Importer(815301076,1909f56bfc062723c751e8b465ee728b)  -> (artifact id: '205417fafade308d21eda20fac4a3a21') in 0.001546 seconds
  Import took 0.003721 seconds .

========================================================================
Received Import Request.
  Time since last request: 0.013635 seconds.
  path: Assets/TextMesh Pro
  artifactKey: Guid(f54d1bd14bd3ca042bd867b519fee8cc) Importer(815301076,1909f56bfc062723c751e8b465ee728b)
Start importing Assets/TextMesh Pro using Guid(f54d1bd14bd3ca042bd867b519fee8cc) Importer(815301076,1909f56bfc062723c751e8b465ee728b)  -> (artifact id: '6121cc340ed628e9d5ab341dee30f1db') in 0.001530 seconds
  Import took 0.003669 seconds .

========================================================================
Received Import Request.
  Time since last request: 0.034412 seconds.
  path: Assets/TextMesh Pro/Sprites/EmojiOne.png
  artifactKey: Guid(dffef66376be4fa480fb02b19edbe903) Importer(815301076,1909f56bfc062723c751e8b465ee728b)
Start importing Assets/TextMesh Pro/Sprites/EmojiOne.png using Guid(dffef66376be4fa480fb02b19edbe903) Importer(815301076,1909f56bfc062723c751e8b465ee728b)  -> (artifact id: 'afeb1b28908fce42afdf73a1a3a7e33d') in 0.293677 seconds
  Import took 0.296146 seconds .

========================================================================
Received Import Request.
  Time since last request: 0.008050 seconds.
  path: Assets/TextMesh Pro/Resources/TMP Settings.asset
  artifactKey: Guid(3f5b5dff67a942289a9defa416b206f3) Importer(815301076,1909f56bfc062723c751e8b465ee728b)
Start importing Assets/TextMesh Pro/Resources/TMP Settings.asset using Guid(3f5b5dff67a942289a9defa416b206f3) Importer(815301076,1909f56bfc062723c751e8b465ee728b)  -> (artifact id: '9759dcee999314ea436a17dbdefa1edf') in 0.040233 seconds
  Import took 0.044232 seconds .

========================================================================
Received Import Request.
  Time since last request: 0.002202 seconds.
  path: Assets/TextMesh Pro/Sprites
  artifactKey: Guid(d0603b6d5186471b96c778c3949c7ce2) Importer(815301076,1909f56bfc062723c751e8b465ee728b)
Start importing Assets/TextMesh Pro/Sprites using Guid(d0603b6d5186471b96c778c3949c7ce2) Importer(815301076,1909f56bfc062723c751e8b465ee728b)  -> (artifact id: 'a06fb07cbf94177ab7a4e8fc130022be') in 0.023393 seconds
  Import took 0.025895 seconds .

========================================================================
Received Import Request.
  Time since last request: 0.062309 seconds.
  path: Assets/TextMesh Pro/Documentation/TextMesh Pro User Guide 2016.pdf
  artifactKey: Guid(1b8d251f9af63b746bf2f7ffe00ebb9b) Importer(815301076,1909f56bfc062723c751e8b465ee728b)
Start importing Assets/TextMesh Pro/Documentation/TextMesh Pro User Guide 2016.pdf using Guid(1b8d251f9af63b746bf2f7ffe00ebb9b) Importer(815301076,1909f56bfc062723c751e8b465ee728b)  -> (artifact id: '4c73d795aca78c8c9043fb4e36b27c10') in 0.007002 seconds
  Import took 0.010462 seconds .

========================================================================
Received Import Request.
  Time since last request: 0.021559 seconds.
  path: Assets/TextMesh Pro/Shaders/TMP_Bitmap-Custom-Atlas.shader
  artifactKey: Guid(48bb5f55d8670e349b6e614913f9d910) Importer(815301076,1909f56bfc062723c751e8b465ee728b)
Start importing Assets/TextMesh Pro/Shaders/TMP_Bitmap-Custom-Atlas.shader using Guid(48bb5f55d8670e349b6e614913f9d910) Importer(815301076,1909f56bfc062723c751e8b465ee728b)  -> (artifact id: '406efe8d22fd18ad7a1e300a747d4f82') in 0.002782 seconds
  Import took 0.005056 seconds .

========================================================================
Received Import Request.
  Time since last request: 0.064863 seconds.
  path: Assets/TextMesh Pro/Shaders/TMP_SDF-Surface-Mobile.shader
  artifactKey: Guid(85187c2149c549c5b33f0cdb02836b17) Importer(815301076,1909f56bfc062723c751e8b465ee728b)
Start importing Assets/TextMesh Pro/Shaders/TMP_SDF-Surface-Mobile.shader using Guid(85187c2149c549c5b33f0cdb02836b17) Importer(815301076,1909f56bfc062723c751e8b465ee728b)  -> (artifact id: '539d49b383b99d56338094e45ead6c86') in 0.020882 seconds
  Import took 0.023353 seconds .

========================================================================
Received Import Request.
  Time since last request: 0.003067 seconds.
  path: Assets/TextMesh Pro/Shaders/TMPro_Properties.cginc
  artifactKey: Guid(3997e2241185407d80309a82f9148466) Importer(815301076,1909f56bfc062723c751e8b465ee728b)
Start importing Assets/TextMesh Pro/Shaders/TMPro_Properties.cginc using Guid(3997e2241185407d80309a82f9148466) Importer(815301076,1909f56bfc062723c751e8b465ee728b)  -> (artifact id: '354a05c9fb505d6fdaa27a3f4d4385d5') in 0.002716 seconds
  Import took 0.006162 seconds .

========================================================================
Received Import Request.
  Time since last request: 0.003493 seconds.
  path: Assets/TextMesh Pro/Shaders/TMP_Bitmap-Mobile.shader
  artifactKey: Guid(1e3b057af24249748ff873be7fafee47) Importer(815301076,1909f56bfc062723c751e8b465ee728b)
Start importing Assets/TextMesh Pro/Shaders/TMP_Bitmap-Mobile.shader using Guid(1e3b057af24249748ff873be7fafee47) Importer(815301076,1909f56bfc062723c751e8b465ee728b)  -> (artifact id: '15016cf1fd7d8a2df15a5870d52a52f3') in 0.003592 seconds
  Import took 0.006604 seconds .

========================================================================
Received Import Request.
  Time since last request: 0.025518 seconds.
  path: Assets/TextMesh Pro/Shaders/TMP_SDF-Mobile Overlay.shader
  artifactKey: Guid(a02a7d8c237544f1962732b55a9aebf1) Importer(815301076,1909f56bfc062723c751e8b465ee728b)
Start importing Assets/TextMesh Pro/Shaders/TMP_SDF-Mobile Overlay.shader using Guid(a02a7d8c237544f1962732b55a9aebf1) Importer(815301076,1909f56bfc062723c751e8b465ee728b)  -> (artifact id: '1fb92019852f87f90fcb65415ab9ec50') in 0.002620 seconds
  Import took 0.004995 seconds .

========================================================================
Received Import Request.
  Time since last request: 0.022708 seconds.
  path: Assets/TextMesh Pro/Resources
  artifactKey: Guid(243e06394e614e5d99fab26083b707fa) Importer(815301076,1909f56bfc062723c751e8b465ee728b)
Start importing Assets/TextMesh Pro/Resources using Guid(243e06394e614e5d99fab26083b707fa) Importer(815301076,1909f56bfc062723c751e8b465ee728b)  -> (artifact id: '832c7a16428a5a885b734c5f1251808a') in 0.002044 seconds
  Import took 0.005472 seconds .

========================================================================
Received Import Request.
  Time since last request: 0.004601 seconds.
  path: Assets/TextMesh Pro/Resources/Fonts & Materials/LiberationSans SDF.asset
  artifactKey: Guid(8f586378b4e144a9851e7b34d9b748ee) Importer(815301076,1909f56bfc062723c751e8b465ee728b)
Start importing Assets/TextMesh Pro/Resources/Fonts & Materials/LiberationSans SDF.asset using Guid(8f586378b4e144a9851e7b34d9b748ee) Importer(815301076,1909f56bfc062723c751e8b465ee728b)  -> (artifact id: 'f2787ec1056042f08499273a248d87cc') in 0.044791 seconds
  Import took 0.047632 seconds .

========================================================================
Received Import Request.
  Time since last request: 0.006384 seconds.
  path: Assets/TextMesh Pro/Resources/Style Sheets/Default Style Sheet.asset
  artifactKey: Guid(f952c082cb03451daed3ee968ac6c63e) Importer(815301076,1909f56bfc062723c751e8b465ee728b)
Start importing Assets/TextMesh Pro/Resources/Style Sheets/Default Style Sheet.asset using Guid(f952c082cb03451daed3ee968ac6c63e) Importer(815301076,1909f56bfc062723c751e8b465ee728b)  -> (artifact id: 'c530c6e6f8e8b31e3a90b9a2bb11a4b2') in 0.002873 seconds
  Import took 0.005814 seconds .

========================================================================
Received Import Request.
  Time since last request: 0.008278 seconds.
  path: Assets/TextMesh Pro/Resources/LineBreaking Leading Characters.txt
  artifactKey: Guid(d82c1b31c7e74239bff1220585707d2b) Importer(815301076,1909f56bfc062723c751e8b465ee728b)
Start importing Assets/TextMesh Pro/Resources/LineBreaking Leading Characters.txt using Guid(d82c1b31c7e74239bff1220585707d2b) Importer(815301076,1909f56bfc062723c751e8b465ee728b)  -> (artifact id: '5a6e274c86010a6f2ef49f7efdbc1467') in 0.001854 seconds
  Import took 0.004176 seconds .

========================================================================
Received Import Request.
  Time since last request: 0.036110 seconds.
  path: Assets/TextMesh Pro/Fonts/LiberationSans.ttf
  artifactKey: Guid(e3265ab4bf004d28a9537516768c1c75) Importer(815301076,1909f56bfc062723c751e8b465ee728b)
Start importing Assets/TextMesh Pro/Fonts/LiberationSans.ttf using Guid(e3265ab4bf004d28a9537516768c1c75) Importer(815301076,1909f56bfc062723c751e8b465ee728b)  -> (artifact id: 'ab35a0b9c4089d802057674fa4aa1330') in 0.270890 seconds
  Import took 0.273736 seconds .

AssetImportWorkerClient::OnTransportError - code=2 error=End of file
